mode: set
go-templating/dump.go:14.13,27.2 7 1
go-templating/dump.go:30.46,31.47 1 0
go-templating/dump.go:31.47,33.3 1 0
go-templating/dump.go:33.8,38.37 5 0
go-templating/dump.go:39.32,41.36 2 0
go-templating/dump.go:48.31,55.16 6 0
go-templating/dump.go:55.16,57.3 1 0
go-templating/dump.go:58.2,60.25 3 0
go-templating/dump.go:60.25,61.50 1 0
go-templating/dump.go:61.50,63.4 1 0
go-templating/dump.go:63.9,64.49 1 0
go-templating/dump.go:64.49,66.5 1 0
go-templating/dump.go:66.10,68.5 1 0
go-templating/dump.go:71.2,72.18 2 0
go-templating/generate.go:28.13,57.2 16 1
go-templating/generate.go:61.56,64.16 2 0
go-templating/generate.go:64.16,66.3 1 0
go-templating/generate.go:68.2,68.31 1 0
go-templating/generate.go:68.31,70.17 2 0
go-templating/generate.go:70.17,72.4 1 0
go-templating/generate.go:74.2,76.16 3 0
go-templating/generate.go:76.16,78.3 1 0
go-templating/generate.go:82.2,82.55 1 0
go-templating/generate.go:82.55,84.17 2 0
go-templating/generate.go:84.17,86.4 1 0
go-templating/generate.go:87.3,88.13 2 0
go-templating/generate.go:88.13,91.4 2 0
go-templating/generate.go:92.3,93.43 2 0
go-templating/generate.go:93.43,95.18 2 0
go-templating/generate.go:95.18,97.5 1 0
go-templating/generate.go:98.4,98.78 1 0
go-templating/generate.go:102.2,102.42 1 0
go-templating/generate.go:102.42,104.17 2 0
go-templating/generate.go:104.17,106.4 1 0
go-templating/generate.go:107.3,107.64 1 0
go-templating/generate.go:110.2,111.16 2 0
go-templating/generate.go:111.16,113.3 1 0
go-templating/generate.go:114.2,114.12 1 0
go-templating/generate.go:119.65,123.56 3 0
go-templating/generate.go:123.56,126.3 2 0
go-templating/generate.go:128.2,128.16 1 0
go-templating/generate.go:128.16,129.19 1 0
go-templating/generate.go:129.19,131.18 2 0
go-templating/generate.go:131.18,134.5 2 0
go-templating/generate.go:135.9,137.4 1 0
go-templating/generate.go:139.2,139.32 1 0
go-templating/generate.go:144.70,147.36 3 0
go-templating/generate.go:147.36,150.3 2 0
go-templating/generate.go:152.2,153.16 2 0
go-templating/generate.go:153.16,155.3 1 0
go-templating/generate.go:157.2,158.16 2 0
go-templating/generate.go:158.16,160.3 1 0
go-templating/generate.go:161.2,161.24 1 0
go-templating/generate.go:163.31,166.37 3 0
go-templating/generate.go:166.37,169.4 2 0
go-templating/generate.go:170.3,171.17 2 0
go-templating/generate.go:171.17,173.4 1 0
go-templating/generate.go:174.3,174.56 1 0
go-templating/generate.go:174.56,176.18 2 0
go-templating/generate.go:176.18,178.5 1 0
go-templating/generate.go:180.3,180.13 1 0
go-templating/generate.go:181.10,182.13 1 0
go-templating/generate.go:186.56,190.16 4 0
go-templating/generate.go:190.16,193.3 2 0
go-templating/generate.go:194.2,195.16 2 0
go-templating/generate.go:195.16,198.3 2 0
go-templating/generate.go:199.2,199.12 1 0
go-templating/generate.go:203.63,207.16 3 0
go-templating/generate.go:207.16,209.3 1 0
go-templating/generate.go:210.2,211.16 2 0
go-templating/generate.go:211.16,213.3 1 0
go-templating/generate.go:214.2,215.12 2 0
go-templating/generateFromTemplating.go:14.72,26.36 8 1
go-templating/generateFromTemplating.go:26.36,29.3 2 1
go-templating/generateFromTemplating.go:31.2,33.36 3 1
go-templating/generateFromTemplating.go:33.36,36.3 2 0
go-templating/generateFromTemplating.go:38.2,43.16 5 1
go-templating/generateFromTemplating.go:43.16,45.3 1 0
go-templating/generateFromTemplating.go:46.2,48.40 3 1
go-templating/generateFromTemplating.go:48.40,49.44 1 1
go-templating/generateFromTemplating.go:49.44,52.18 3 1
go-templating/generateFromTemplating.go:52.18,56.5 3 1
go-templating/generateFromTemplating.go:57.4,60.29 4 1
go-templating/generateFromTemplating.go:60.29,64.5 3 0
go-templating/generateFromTemplating.go:66.4,68.20 2 1
go-templating/generateFromTemplating.go:68.20,69.37 1 1
go-templating/generateFromTemplating.go:69.37,72.40 2 1
go-templating/generateFromTemplating.go:72.40,78.7 3 0
go-templating/generateFromTemplating.go:80.5,84.19 3 1
go-templating/generateFromTemplating.go:84.19,88.33 4 1
go-templating/generateFromTemplating.go:88.33,91.7 2 1
go-templating/generateFromTemplating.go:92.6,93.20 2 1
go-templating/generateFromTemplating.go:93.20,97.7 3 1
go-templating/generateFromTemplating.go:98.11,100.6 1 1
go-templating/generateFromTemplating.go:101.10,104.44 2 1
go-templating/generateFromTemplating.go:104.44,108.6 3 0
go-templating/generateFromTemplating.go:109.5,109.53 1 1
go-templating/generateFromTemplating.go:109.53,115.20 3 1
go-templating/generateFromTemplating.go:115.20,119.7 3 0
go-templating/generateFromTemplating.go:120.6,121.16 2 1
go-templating/generateFromTemplating.go:121.16,123.21 2 1
go-templating/generateFromTemplating.go:123.21,127.8 3 0
go-templating/generateFromTemplating.go:129.7,129.121 1 1
go-templating/generateFromTemplating.go:130.12,132.7 1 1
go-templating/generateFromTemplating.go:133.6,133.20 1 1
go-templating/generateFromTemplating.go:133.20,137.7 3 1
go-templating/generateFromTemplating.go:139.6,139.48 1 1
go-templating/generateFromTemplating.go:139.48,141.7 1 1
go-templating/generateFromTemplating.go:144.6,145.20 2 1
go-templating/generateFromTemplating.go:145.20,149.7 3 1
go-templating/generateFromTemplating.go:151.6,151.22 1 1
go-templating/generateFromTemplating.go:157.2,161.16 5 1
go-templating/generateFromTemplating.go:161.16,164.3 2 1
go-templating/generateFromTemplating.go:165.2,166.16 2 1
go-templating/generateFromTemplating.go:166.16,168.3 1 0
go-templating/generateFromTemplating.go:169.2,170.16 2 1
go-templating/generateFromTemplating.go:170.16,172.3 1 1
go-templating/generateFromTemplating.go:173.2,173.12 1 1
go-templating/generationInterface.go:84.81,85.24 1 1
go-templating/generationInterface.go:86.18,87.139 1 1
go-templating/generationInterface.go:88.19,89.141 1 0
go-templating/generationInterface.go:90.19,91.141 1 0
go-templating/generationInterface.go:92.10,93.16 1 0
go-templating/main.go:19.16,20.42 1 0
go-templating/main.go:20.42,22.3 1 0
go-templating/main.go:25.13,27.2 1 0
go-templating/maintain-service/cmd/maintain-service/main.go:13.13,27.55 10 1
go-templating/maintain-service/cmd/maintain-service/main.go:27.55,30.4 2 0
go-templating/maintain-service/cmd/maintain-service/main.go:32.2,35.55 1 1
go-templating/maintain-service/cmd/maintain-service/main.go:35.55,38.4 2 0
go-templating/maintain-service/cmd/maintain-service/main.go:40.2,43.55 1 1
go-templating/maintain-service/cmd/maintain-service/main.go:43.55,49.4 5 0
go-templating/maintain-service/cmd/maintain-service/main.go:52.2,66.126 13 1
go-templating/maintain-service/cmd/maintain-service/main.go:77.16,78.42 1 0
go-templating/maintain-service/cmd/maintain-service/main.go:78.42,80.3 1 0
go-templating/maintain-service/cmd/maintain-service/main.go:83.13,85.2 1 0
go-templating/maintain-service/internal/populatemethods/fileutil.go:23.101,24.70 1 1
go-templating/maintain-service/internal/populatemethods/fileutil.go:24.70,27.3 2 1
go-templating/maintain-service/internal/populatemethods/fileutil.go:29.2,30.16 2 1
go-templating/maintain-service/internal/populatemethods/fileutil.go:30.16,33.3 2 0
go-templating/maintain-service/internal/populatemethods/fileutil.go:35.2,43.67 6 1
go-templating/maintain-service/internal/populatemethods/fileutil.go:43.67,46.3 2 1
go-templating/maintain-service/internal/populatemethods/fileutil.go:50.2,51.81 2 1
go-templating/maintain-service/internal/populatemethods/fileutil.go:51.81,52.17 1 1
go-templating/maintain-service/internal/populatemethods/fileutil.go:52.17,55.4 2 0
go-templating/maintain-service/internal/populatemethods/fileutil.go:56.3,56.19 1 1
go-templating/maintain-service/internal/populatemethods/fileutil.go:56.19,58.40 2 1
go-templating/maintain-service/internal/populatemethods/fileutil.go:58.40,59.40 1 1
go-templating/maintain-service/internal/populatemethods/fileutil.go:59.40,62.26 3 1
go-templating/maintain-service/internal/populatemethods/fileutil.go:62.26,70.21 4 1
go-templating/maintain-service/internal/populatemethods/fileutil.go:70.21,73.8 2 1
go-templating/maintain-service/internal/populatemethods/fileutil.go:78.3,78.13 1 1
go-templating/maintain-service/internal/populatemethods/fileutil.go:81.2,81.16 1 1
go-templating/maintain-service/internal/populatemethods/fileutil.go:81.16,84.3 2 0
go-templating/maintain-service/internal/populatemethods/fileutil.go:85.2,85.24 1 1
go-templating/maintain-service/internal/populatemethods/fileutil.go:85.24,86.39 1 1
go-templating/maintain-service/internal/populatemethods/fileutil.go:86.39,88.18 2 1
go-templating/maintain-service/internal/populatemethods/fileutil.go:88.18,91.5 2 0
go-templating/maintain-service/internal/populatemethods/fileutil.go:92.4,92.35 1 1
go-templating/maintain-service/internal/populatemethods/fileutil.go:95.2,95.17 1 1
go-templating/maintain-service/internal/populatemethods/fileutil.go:95.17,98.3 1 1
go-templating/maintain-service/internal/populatemethods/fileutil.go:98.8,100.3 1 1
go-templating/maintain-service/internal/populatemethods/fileutil.go:101.2,101.12 1 1
go-templating/maintain-service/internal/populatemethods/fileutil.go:105.59,109.16 3 1
go-templating/maintain-service/internal/populatemethods/fileutil.go:109.16,112.3 2 0
go-templating/maintain-service/internal/populatemethods/fileutil.go:114.2,120.16 4 1
go-templating/maintain-service/internal/populatemethods/fileutil.go:120.16,123.3 2 0
go-templating/maintain-service/internal/populatemethods/fileutil.go:125.2,126.36 1 1
go-templating/maintain-service/internal/populatemethods/fileutil.go:126.36,128.4 1 1
go-templating/maintain-service/internal/populatemethods/fileutil.go:130.2,130.25 1 1
go-templating/maintain-service/internal/populatemethods/fileutil.go:133.133,137.34 4 1
go-templating/maintain-service/internal/populatemethods/fileutil.go:137.34,140.35 2 1
go-templating/maintain-service/internal/populatemethods/fileutil.go:140.35,142.4 1 0
go-templating/maintain-service/internal/populatemethods/fileutil.go:142.9,144.4 1 1
go-templating/maintain-service/internal/populatemethods/fileutil.go:145.3,150.40 6 1
go-templating/maintain-service/internal/populatemethods/fileutil.go:150.40,153.4 2 0
go-templating/maintain-service/internal/populatemethods/fileutil.go:153.9,153.24 1 1
go-templating/maintain-service/internal/populatemethods/fileutil.go:153.24,155.12 2 1
go-templating/maintain-service/internal/populatemethods/fileutil.go:156.9,156.32 1 1
go-templating/maintain-service/internal/populatemethods/fileutil.go:156.32,159.18 2 1
go-templating/maintain-service/internal/populatemethods/fileutil.go:159.18,162.5 2 1
go-templating/maintain-service/internal/populatemethods/fileutil.go:163.4,163.38 1 1
go-templating/maintain-service/internal/populatemethods/fileutil.go:166.2,167.32 2 1
go-templating/maintain-service/internal/populatemethods/fileutil.go:167.32,169.3 1 0
go-templating/maintain-service/internal/populatemethods/fileutil.go:170.2,172.12 3 1
go-templating/maintain-service/internal/populatemethods/fileutil.go:175.35,177.16 2 1
go-templating/maintain-service/internal/populatemethods/fileutil.go:177.16,178.25 1 1
go-templating/maintain-service/internal/populatemethods/fileutil.go:178.25,180.4 1 1
go-templating/maintain-service/internal/populatemethods/fileutil.go:182.2,182.13 1 1
go-templating/maintain-service/internal/resourcelinks/fileutil.go:33.82,34.67 1 1
go-templating/maintain-service/internal/resourcelinks/fileutil.go:34.67,37.3 2 1
go-templating/maintain-service/internal/resourcelinks/fileutil.go:39.2,49.88 8 1
go-templating/maintain-service/internal/resourcelinks/fileutil.go:49.88,50.17 1 1
go-templating/maintain-service/internal/resourcelinks/fileutil.go:50.17,53.4 2 0
go-templating/maintain-service/internal/resourcelinks/fileutil.go:54.3,54.19 1 1
go-templating/maintain-service/internal/resourcelinks/fileutil.go:54.19,56.18 2 1
go-templating/maintain-service/internal/resourcelinks/fileutil.go:56.18,59.5 2 0
go-templating/maintain-service/internal/resourcelinks/fileutil.go:60.4,61.40 2 1
go-templating/maintain-service/internal/resourcelinks/fileutil.go:61.40,62.40 1 1
go-templating/maintain-service/internal/resourcelinks/fileutil.go:62.40,65.26 3 1
go-templating/maintain-service/internal/resourcelinks/fileutil.go:65.26,72.21 7 1
go-templating/maintain-service/internal/resourcelinks/fileutil.go:72.21,75.16 3 1
go-templating/maintain-service/internal/resourcelinks/fileutil.go:77.7,77.102 1 1
go-templating/maintain-service/internal/resourcelinks/fileutil.go:81.4,81.35 1 1
go-templating/maintain-service/internal/resourcelinks/fileutil.go:81.35,83.51 2 1
go-templating/maintain-service/internal/resourcelinks/fileutil.go:83.51,85.6 1 1
go-templating/maintain-service/internal/resourcelinks/fileutil.go:86.5,90.54 2 1
go-templating/maintain-service/internal/resourcelinks/fileutil.go:93.3,93.13 1 1
go-templating/maintain-service/internal/resourcelinks/fileutil.go:95.2,95.16 1 1
go-templating/maintain-service/internal/resourcelinks/fileutil.go:95.16,98.3 2 0
go-templating/maintain-service/internal/resourcelinks/fileutil.go:99.2,99.76 1 1
go-templating/maintain-service/internal/resourcelinks/fileutil.go:99.76,103.17 3 1
go-templating/maintain-service/internal/resourcelinks/fileutil.go:103.17,106.4 2 0
go-templating/maintain-service/internal/resourcelinks/fileutil.go:109.2,109.19 1 1
go-templating/maintain-service/internal/resourcelinks/fileutil.go:109.19,111.3 1 1
go-templating/maintain-service/internal/resourcelinks/fileutil.go:111.8,113.3 1 1
go-templating/maintain-service/internal/resourcelinks/fileutil.go:114.2,114.12 1 1
go-templating/maintain-service/internal/resourcelinks/fileutil.go:123.93,125.16 2 1
go-templating/maintain-service/internal/resourcelinks/fileutil.go:125.16,128.3 2 1
go-templating/maintain-service/internal/resourcelinks/fileutil.go:130.2,139.16 5 1
go-templating/maintain-service/internal/resourcelinks/fileutil.go:139.16,142.3 2 0
go-templating/maintain-service/internal/resourcelinks/fileutil.go:143.2,143.12 1 1
go-templating/maintain-service/internal/resourcelinks/fileutil.go:170.77,172.16 2 1
go-templating/maintain-service/internal/resourcelinks/fileutil.go:172.16,175.3 2 0
go-templating/maintain-service/internal/resourcelinks/fileutil.go:176.2,178.16 3 1
go-templating/maintain-service/internal/resourcelinks/fileutil.go:178.16,181.3 2 1
go-templating/maintain-service/internal/resourcelinks/fileutil.go:182.2,182.69 1 1
go-templating/maintain-service/internal/resourcelinks/fileutil.go:191.77,193.40 2 1
go-templating/maintain-service/internal/resourcelinks/fileutil.go:193.40,205.3 7 1
go-templating/maintain-service/internal/resourcelinks/fileutil.go:206.2,206.19 1 1
go-templating/maintain-service/internal/resourcelinks/fileutil.go:215.83,217.44 2 1
go-templating/maintain-service/internal/resourcelinks/fileutil.go:217.44,220.51 3 1
go-templating/maintain-service/internal/resourcelinks/fileutil.go:220.51,221.34 1 1
go-templating/maintain-service/internal/resourcelinks/fileutil.go:221.34,222.13 1 1
go-templating/maintain-service/internal/resourcelinks/fileutil.go:223.10,226.5 2 1
go-templating/maintain-service/internal/resourcelinks/fileutil.go:228.3,233.26 2 1
go-templating/maintain-service/internal/resourcelinks/fileutil.go:235.2,235.19 1 1
go-templating/stateFiles/state.go:27.136,30.13 1 0
go-templating/stateFiles/state.go:30.13,32.17 2 0
go-templating/stateFiles/state.go:32.17,34.4 1 0
go-templating/stateFiles/state.go:35.8,39.34 3 0
go-templating/stateFiles/state.go:39.34,41.4 1 0
go-templating/stateFiles/state.go:43.3,44.36 2 0
go-templating/stateFiles/state.go:44.36,51.4 2 0
go-templating/stateFiles/state.go:53.3,54.38 2 0
go-templating/stateFiles/state.go:54.38,58.38 1 0
go-templating/stateFiles/state.go:58.38,61.19 3 0
go-templating/stateFiles/state.go:61.19,62.23 1 0
go-templating/stateFiles/state.go:62.23,63.32 1 0
go-templating/stateFiles/state.go:63.32,65.8 1 0
go-templating/stateFiles/state.go:65.13,67.8 1 0
go-templating/stateFiles/state.go:70.7,72.21 3 0
go-templating/stateFiles/state.go:72.21,75.8 2 0
go-templating/stateFiles/state.go:76.7,78.24 3 0
go-templating/stateFiles/state.go:78.24,80.8 1 0
go-templating/stateFiles/state.go:85.3,87.17 3 0
go-templating/stateFiles/state.go:87.17,89.4 1 0
go-templating/stateFiles/state.go:91.2,91.12 1 0
go-templating/stateFiles/state.go:94.58,97.16 2 0
go-templating/stateFiles/state.go:97.16,100.3 2 0
go-templating/stateFiles/state.go:103.2,104.16 2 0
go-templating/stateFiles/state.go:104.16,107.3 2 0
go-templating/stateFiles/state.go:108.2,108.12 1 0
go-templating/templateSpec.go:22.90,26.16 4 1
go-templating/templateSpec.go:26.16,28.3 1 1
go-templating/templateSpec.go:29.2,32.100 3 1
go-templating/templateSpec.go:32.100,33.17 1 1
go-templating/templateSpec.go:33.17,36.4 2 0
go-templating/templateSpec.go:38.3,40.118 2 1
go-templating/templateSpec.go:40.118,42.27 2 1
go-templating/templateSpec.go:42.27,44.5 1 1
go-templating/templateSpec.go:46.4,53.43 3 1
go-templating/templateSpec.go:55.3,55.13 1 1
go-templating/templateSpec.go:57.2,57.12 1 1
go-templating/templateSpec.go:57.12,65.17 2 1
go-templating/templateSpec.go:65.17,67.4 1 0
go-templating/templateSpec.go:70.3,70.39 1 1
go-templating/templateSpec.go:70.39,72.18 2 1
go-templating/templateSpec.go:72.18,74.5 1 1
go-templating/templateSpec.go:77.3,77.34 1 1
go-templating/templateSpec.go:77.34,79.4 1 1
go-templating/templateSpec.go:81.3,81.38 1 1
go-templating/templateSpec.go:83.2,84.16 2 1
go-templating/templateSpec.go:84.16,86.3 1 0
go-templating/templateSpec.go:87.2,87.12 1 1
go-templating/templateSpec.go:91.90,94.16 2 1
go-templating/templateSpec.go:94.16,97.3 2 0
go-templating/templateSpec.go:99.2,104.35 3 1
go-templating/templateSpec.go:104.35,108.28 4 1
go-templating/templateSpec.go:108.28,110.4 1 1
go-templating/templateSpec.go:111.3,112.28 2 1
go-templating/templateSpec.go:112.28,114.4 1 1
go-templating/templateSpec.go:115.3,119.17 4 1
go-templating/templateSpec.go:119.17,122.4 2 0
go-templating/templateSpec.go:125.2,127.12 3 1
go-templating/templateSpec.go:131.80,135.16 3 1
go-templating/templateSpec.go:135.16,138.3 2 0
go-templating/templateSpec.go:140.2,143.16 3 1
go-templating/templateSpec.go:143.16,146.3 2 0
go-templating/templateSpec.go:149.2,149.6 1 1
go-templating/templateSpec.go:149.6,151.20 2 1
go-templating/templateSpec.go:151.20,152.9 1 1
go-templating/templateSpec.go:154.3,154.17 1 1
go-templating/templateSpec.go:154.17,157.4 2 0
go-templating/templateSpec.go:158.3,159.17 2 1
go-templating/templateSpec.go:159.17,162.4 2 0
go-templating/templateSpec.go:163.3,166.33 4 1
go-templating/templateSpec.go:166.33,168.4 1 1
go-templating/templateSpec.go:169.3,175.48 2 1
go-templating/templateSpec.go:177.2,177.26 1 1
go-templating/templateutil/fileutil.go:25.117,26.67 1 1
go-templating/templateutil/fileutil.go:26.67,29.3 2 1
go-templating/templateutil/fileutil.go:30.2,32.16 3 1
go-templating/templateutil/fileutil.go:32.16,35.3 2 0
go-templating/templateutil/fileutil.go:36.2,37.16 2 1
go-templating/templateutil/fileutil.go:37.16,40.3 2 0
go-templating/templateutil/fileutil.go:41.2,41.87 1 1
go-templating/templateutil/fileutil.go:41.87,42.17 1 1
go-templating/templateutil/fileutil.go:42.17,45.4 2 0
go-templating/templateutil/fileutil.go:47.3,47.20 1 1
go-templating/templateutil/fileutil.go:47.20,49.51 2 1
go-templating/templateutil/fileutil.go:49.51,53.19 3 1
go-templating/templateutil/fileutil.go:53.19,56.6 2 1
go-templating/templateutil/fileutil.go:59.3,59.13 1 1
go-templating/templateutil/fileutil.go:61.2,61.16 1 1
go-templating/templateutil/fileutil.go:61.16,64.3 2 1
go-templating/templateutil/fileutil.go:65.2,65.12 1 1
go-templating/templateutil/fileutil.go:77.139,79.16 2 1
go-templating/templateutil/fileutil.go:79.16,82.3 2 0
go-templating/templateutil/fileutil.go:83.2,83.21 1 1
go-templating/templateutil/fileutil.go:83.21,84.44 1 1
go-templating/templateutil/fileutil.go:84.44,87.4 2 0
go-templating/templateutil/fileutil.go:88.3,88.13 1 1
go-templating/templateutil/fileutil.go:90.2,91.22 2 1
go-templating/templateutil/fileutil.go:91.22,93.3 1 0
go-templating/templateutil/fileutil.go:94.2,96.16 3 1
go-templating/templateutil/fileutil.go:96.16,100.3 3 1
go-templating/templateutil/fileutil.go:101.2,102.16 2 1
go-templating/templateutil/fileutil.go:102.16,106.3 3 1
go-templating/templateutil/fileutil.go:107.2,108.16 2 1
go-templating/templateutil/fileutil.go:108.16,111.3 2 0
go-templating/templateutil/fileutil.go:112.2,112.12 1 1
go-templating/templateutil/fileutil.go:118.38,125.46 1 1
go-templating/templateutil/fileutil.go:125.46,127.19 2 0
go-templating/templateutil/fileutil.go:127.19,129.5 1 0
go-templating/templateutil/fileutil.go:130.4,130.16 1 0
go-templating/templateutil/fileutil.go:132.84,134.4 1 0
go-templating/templateutil/fileutil.go:135.87,137.4 1 0
go-templating/templateutil/fileutil.go:139.2,139.16 1 1
go-templating/unmarshalConfigs.go:13.126,16.16 3 1
go-templating/unmarshalConfigs.go:16.16,18.3 1 1
go-templating/unmarshalConfigs.go:19.2,20.16 2 1
go-templating/unmarshalConfigs.go:20.16,22.3 1 1
go-templating/unmarshalConfigs.go:24.2,25.16 2 1
go-templating/unmarshalConfigs.go:25.16,27.3 1 1
go-templating/unmarshalConfigs.go:29.2,30.16 2 1
go-templating/unmarshalConfigs.go:30.16,33.3 2 0
go-templating/unmarshalConfigs.go:34.2,34.22 1 1
go-templating/unmarshalConfigs.go:38.75,40.16 2 1
go-templating/unmarshalConfigs.go:40.16,43.3 2 1
go-templating/unmarshalConfigs.go:44.2,45.16 2 1
go-templating/unmarshalConfigs.go:45.16,48.3 2 0
go-templating/unmarshalConfigs.go:49.2,49.12 1 1
go-templating/unmarshalConfigs.go:53.71,55.16 2 1
go-templating/unmarshalConfigs.go:55.16,58.3 2 1
go-templating/unmarshalConfigs.go:59.2,60.16 2 1
go-templating/unmarshalConfigs.go:60.16,63.3 2 1
go-templating/unmarshalConfigs.go:64.2,64.12 1 1
go-templating/util.go:13.52,18.38 4 1
go-templating/util.go:18.38,23.16 4 1
go-templating/util.go:23.16,25.17 2 1
go-templating/util.go:25.17,29.5 1 1
go-templating/util.go:31.3,31.37 1 1
go-templating/util.go:31.37,34.4 1 1
go-templating/util.go:34.9,36.4 1 1
go-templating/util.go:38.2,38.15 1 1
